Build started 3/8/2018 6:19:42 AM.
     1>Project "C:\Users\Silas Grossberndt\Documents\Visual Studio 2015\Projects\SCT_analysis\SCT_analysis\SCT_analysis.vcxproj" on node 2 (Build target(s)).
     1>ClCompile:
         C:\Program Files (x86)\Microsoft Visual Studio 14.0\VC\bin\CL.exe /c /Zi /nologo /W3 /WX- /sdl /O2 /Oi /Oy- /GL /D WIN32 /D NDEBUG /D _CONSOLE /D _UNICODE /D UNICODE /Gm- /EHsc /MD /GS /Gy /fp:precise /Zc:wchar_t /Zc:forScope /Zc:inline /Yu"stdafx.h" /Fp"Release\SCT_analysis.pch" /Fo"Release\\" /Fd"Release\vc140.pdb" /Gd /TP /analyze- /errorReport:prompt SCT_analysis.cpp
         SCT_analysis.cpp
     1>c:\root_v5.34.36\include\TString.h(505): error C4996: 'sprintf': This function or variable may be unsafe. Consider using sprintf_s instead. To disable deprecation, use _CRT_SECURE_NO_WARNINGS. See online help for details.
         C:\Program Files (x86)\Windows Kits\10\Include\10.0.10240.0\ucrt\stdio.h(1769): note: see declaration of 'sprintf'
     1>c:\root_v5.34.36\include\TPad.h(326): warning C4800: 'Int_t': forcing value to bool 'true' or 'false' (performance warning)
     1>c:\root_v5.34.36\include\TPad.h(327): warning C4800: 'Int_t': forcing value to bool 'true' or 'false' (performance warning)
     1>c:\root_v5.34.36\include\TPad.h(328): warning C4800: 'Int_t': forcing value to bool 'true' or 'false' (performance warning)
     1>c:\root_v5.34.36\include\TPad.h(384): warning C4800: 'TVirtualViewer3D *const ': forcing value to bool 'true' or 'false' (performance warning)
     1>SCT_analysis.cpp(29): warning C4305: 'initializing': truncation from 'double' to 'float'
     1>SCT_analysis.cpp(30): warning C4018: '<': signed/unsigned mismatch
     1>SCT_analysis.cpp(36): warning C4244: 'initializing': conversion from 'float' to 'long', possible loss of data
     1>SCT_analysis.cpp(60): warning C4018: '<': signed/unsigned mismatch
     1>SCT_analysis.cpp(74): warning C4805: '==': unsafe mix of type 'int' and type 'bool' in operation
     1>SCT_analysis.cpp(143): warning C4018: '<': signed/unsigned mismatch
     1>SCT_analysis.cpp(217): warning C4018: '<': signed/unsigned mismatch
     1>SCT_analysis.cpp(231): warning C4018: '<': signed/unsigned mismatch
     1>SCT_analysis.cpp(238): warning C4018: '<': signed/unsigned mismatch
     1>SCT_analysis.cpp(249): warning C4018: '<': signed/unsigned mismatch
     1>SCT_analysis.cpp(280): warning C4018: '<': signed/unsigned mismatch
     1>SCT_analysis.cpp(281): warning C4018: '<': signed/unsigned mismatch
     1>SCT_analysis.cpp(288): warning C4244: 'argument': conversion from 'float' to 'const long', possible loss of data
     1>SCT_analysis.cpp(291): warning C4018: '<': signed/unsigned mismatch
     1>SCT_analysis.cpp(352): warning C4018: '<': signed/unsigned mismatch
     1>SCT_analysis.cpp(424): warning C4018: '<': signed/unsigned mismatch
     1>SCT_analysis.cpp(491): warning C4018: '<': signed/unsigned mismatch
     1>SCT_analysis.cpp(494): warning C4018: '<': signed/unsigned mismatch
     1>SCT_analysis.cpp(495): warning C4018: '<': signed/unsigned mismatch
     1>Done Building Project "C:\Users\Silas Grossberndt\Documents\Visual Studio 2015\Projects\SCT_analysis\SCT_analysis\SCT_analysis.vcxproj" (Build target(s)) -- FAILED.

Build FAILED.

Time Elapsed 00:00:00.53
